================================================ test session starts =================================================
platform linux -- Python 3.6.2, pytest-3.2.0, py-1.5.3, pluggy-0.4.0
rootdir: /home/aheyer/py3-opsim/gitdir/ts_scheduler, inifile:
plugins: session2file-0.1.9, forked-0.2, xdist-1.20.1, flake8-0.9.1

collecting 0 items
collecting 0 items / 1 errors

collected 0 items / 1 errors 

======================================================= ERRORS =======================================================
_____________________________________ ERROR collecting tests/model/test_model.py _____________________________________
test_model.py:5: in <module>
    from lsst.ts.scheduler import Model
../../python/lsst/ts/scheduler/__init__.py:10: in <module>
    from .model import *
../../python/lsst/ts/scheduler/model.py:17: in <module>
    class Model():
../../python/lsst/ts/scheduler/model.py:74: in Model
    @property.setter()
E   TypeError: descriptor 'setter' of 'property' object needs an argument
!!!!!!!!!!!!!!!!!!!!!!!!!!!!!!!!!!!!!! Interrupted: 1 errors during collection !!!!!!!!!!!!!!!!!!!!!!!!!!!!!!!!!!!!!!!
============================================== 1 error in 1.27 seconds ===============================================
