================================================ test session starts =================================================
platform linux -- Python 3.6.2, pytest-3.2.0, py-1.5.3, pluggy-0.4.0
rootdir: /home/aheyer/py3-opsim/gitdir/ts_scheduler, inifile:
plugins: session2file-0.1.9, forked-0.2, xdist-1.20.1, flake8-0.9.1

collecting 0 items
collecting 3 items
collecting 3 items

collected 3 items 

test_model.py ...

============================================== 3 passed in 6.52 seconds ==============================================
